<?xml version="1.0" encoding="UTF-8"?>
<robot generator="Robot 7.1.1 (Python 3.11.5 on darwin)" generated="2024-11-15T13:56:58.617584" rpa="false" schemaversion="5">
<suite id="s1" name="Tests" source="/Users/julia/webcounter/src/tests">
<suite id="s1-s1" name="Increment" source="/Users/julia/webcounter/src/tests/increment.robot">
<kw name="Open And Configure Browser" owner="resource" type="SETUP">
<if>
<branch type="IF" condition="$BROWSER == 'chrome'">
<kw name="Evaluate" owner="BuiltIn">
<msg time="2024-11-15T13:56:58.698027" level="INFO">${options} = &lt;selenium.webdriver.chrome.options.Options object at 0x105472210&gt;</msg>
<var>${options}</var>
<arg>sys.modules['selenium.webdriver'].ChromeOptions()</arg>
<arg>sys</arg>
<doc>Evaluates the given expression in Python and returns the result.</doc>
<status status="PASS" start="2024-11-15T13:56:58.697900" elapsed="0.000144"/>
</kw>
<status status="PASS" start="2024-11-15T13:56:58.696709" elapsed="0.001370"/>
</branch>
<branch type="ELSE IF" condition="$BROWSER == 'firefox'">
<kw name="Evaluate" owner="BuiltIn">
<var>${options}</var>
<arg>sys.modules['selenium.webdriver'].FirefoxOptions()</arg>
<arg>sys</arg>
<doc>Evaluates the given expression in Python and returns the result.</doc>
<status status="NOT RUN" start="2024-11-15T13:56:58.698145" elapsed="0.000012"/>
</kw>
<status status="NOT RUN" start="2024-11-15T13:56:58.698099" elapsed="0.000079"/>
</branch>
<status status="PASS" start="2024-11-15T13:56:58.696697" elapsed="0.001494"/>
</if>
<if>
<branch type="IF" condition="$HEADLESS == 'true'">
<kw name="Set Selenium Speed" owner="SeleniumLibrary">
<arg>0</arg>
<doc>Sets the delay that is waited after each Selenium command.</doc>
<status status="NOT RUN" start="2024-11-15T13:56:58.698291" elapsed="0.000011"/>
</kw>
<kw name="Call Method" owner="BuiltIn">
<arg>${options}</arg>
<arg>add_argument</arg>
<arg>--headless</arg>
<doc>Calls the named method of the given object with the provided arguments.</doc>
<status status="NOT RUN" start="2024-11-15T13:56:58.698339" elapsed="0.000010"/>
</kw>
<status status="NOT RUN" start="2024-11-15T13:56:58.698213" elapsed="0.000154"/>
</branch>
<branch type="ELSE">
<kw name="Set Selenium Speed" owner="SeleniumLibrary">
<arg>${DELAY}</arg>
<doc>Sets the delay that is waited after each Selenium command.</doc>
<status status="PASS" start="2024-11-15T13:56:58.698414" elapsed="0.000096"/>
</kw>
<status status="PASS" start="2024-11-15T13:56:58.698383" elapsed="0.000145"/>
</branch>
<status status="PASS" start="2024-11-15T13:56:58.698207" elapsed="0.000334"/>
</if>
<kw name="Open Browser" owner="SeleniumLibrary">
<msg time="2024-11-15T13:56:58.698676" level="INFO">Opening browser 'chrome' to base url 'None'.</msg>
<msg time="2024-11-15T13:57:05.251982" level="WARN">The chromedriver version (128.0.6613.86) detected in PATH at /opt/homebrew/bin/chromedriver might not be compatible with the detected chrome version (131.0.6778.69); currently, chromedriver 131.0.6778.69 is recommended for chrome 131.*, so it is advised to delete the driver in PATH and retry</msg>
<msg time="2024-11-15T13:57:06.600800" level="INFO">Cannot capture screenshot because no browser is open.</msg>
<msg time="2024-11-15T13:57:06.601191" level="FAIL">SessionNotCreatedException: Message: session not created: This version of ChromeDriver only supports Chrome version 128
Current browser version is 131.0.6778.69 with binary path /Applications/Google Chrome.app/Contents/MacOS/Google Chrome
Stacktrace:
0   chromedriver                        0x000000010484f9d8 cxxbridge1$str$ptr + 1887096
1   chromedriver                        0x0000000104847e40 cxxbridge1$str$ptr + 1855456
2   chromedriver                        0x000000010444cbe0 cxxbridge1$string$len + 89508
3   chromedriver                        0x0000000104482a68 cxxbridge1$string$len + 310316
4   chromedriver                        0x0000000104481cb4 cxxbridge1$string$len + 306808
5   chromedriver                        0x000000010447d9a0 cxxbridge1$string$len + 289636
6   chromedriver                        0x0000000104479e58 cxxbridge1$string$len + 274460
7   chromedriver                        0x00000001044ba9f4 cxxbridge1$string$len + 539576
8   chromedriver                        0x0000000104485a08 cxxbridge1$string$len + 322508
9   chromedriver                        0x000000010448666c cxxbridge1$string$len + 325680
10  chromedriver                        0x0000000104816098 cxxbridge1$str$ptr + 1651256
11  chromedriver                        0x000000010481a9cc cxxbridge1$str$ptr + 1669996
12  chromedriver                        0x00000001047fb22c cxxbridge1$str$ptr + 1541068
13  chromedriver                        0x000000010481b29c cxxbridge1$str$ptr + 1672252
14  chromedriver                        0x00000001047ec840 cxxbridge1$str$ptr + 1481184
15  chromedriver                        0x0000000104839138 cxxbridge1$str$ptr + 1794776
16  chromedriver                        0x00000001048392b4 cxxbridge1$str$ptr + 1795156
17  chromedriver                        0x0000000104847adc cxxbridge1$str$ptr + 1854588
18  libsystem_pthread.dylib             0x0000000196f39f94 _pthread_start + 136
19  libsystem_pthread.dylib             0x0000000196f34d34 thread_start + 8
</msg>
<arg>browser=${BROWSER}</arg>
<arg>options=${options}</arg>
<doc>Opens a new browser instance to the optional ``url``.</doc>
<status status="FAIL" start="2024-11-15T13:56:58.698581" elapsed="7.906997">SessionNotCreatedException: Message: session not created: This version of ChromeDriver only supports Chrome version 128
Current browser version is 131.0.6778.69 with binary path /Applications/Google Chrome.app/Contents/MacOS/Google Chrome
Stacktrace:
0   chromedriver                        0x000000010484f9d8 cxxbridge1$str$ptr + 1887096
1   chromedriver                        0x0000000104847e40 cxxbridge1$str$ptr + 1855456
2   chromedriver                        0x000000010444cbe0 cxxbridge1$string$len + 89508
3   chromedriver                        0x0000000104482a68 cxxbridge1$string$len + 310316
4   chromedriver                        0x0000000104481cb4 cxxbridge1$string$len + 306808
5   chromedriver                        0x000000010447d9a0 cxxbridge1$string$len + 289636
6   chromedriver                        0x0000000104479e58 cxxbridge1$string$len + 274460
7   chromedriver                        0x00000001044ba9f4 cxxbridge1$strin...
    [ Message content over the limit has been removed. ]
...er                        0x000000010448666c cxxbridge1$string$len + 325680
10  chromedriver                        0x0000000104816098 cxxbridge1$str$ptr + 1651256
11  chromedriver                        0x000000010481a9cc cxxbridge1$str$ptr + 1669996
12  chromedriver                        0x00000001047fb22c cxxbridge1$str$ptr + 1541068
13  chromedriver                        0x000000010481b29c cxxbridge1$str$ptr + 1672252
14  chromedriver                        0x00000001047ec840 cxxbridge1$str$ptr + 1481184
15  chromedriver                        0x0000000104839138 cxxbridge1$str$ptr + 1794776
16  chromedriver                        0x00000001048392b4 cxxbridge1$str$ptr + 1795156
17  chromedriver                        0x0000000104847adc cxxbridge1$str$ptr + 1854588
18  libsystem_pthread.dylib             0x0000000196f39f94 _pthread_start + 136
19  libsystem_pthread.dylib             0x0000000196f34d34 thread_start + 8</status>
</kw>
<status status="FAIL" start="2024-11-15T13:56:58.696604" elapsed="7.909178">SessionNotCreatedException: Message: session not created: This version of ChromeDriver only supports Chrome version 128
Current browser version is 131.0.6778.69 with binary path /Applications/Google Chrome.app/Contents/MacOS/Google Chrome
Stacktrace:
0   chromedriver                        0x000000010484f9d8 cxxbridge1$str$ptr + 1887096
1   chromedriver                        0x0000000104847e40 cxxbridge1$str$ptr + 1855456
2   chromedriver                        0x000000010444cbe0 cxxbridge1$string$len + 89508
3   chromedriver                        0x0000000104482a68 cxxbridge1$string$len + 310316
4   chromedriver                        0x0000000104481cb4 cxxbridge1$string$len + 306808
5   chromedriver                        0x000000010447d9a0 cxxbridge1$string$len + 289636
6   chromedriver                        0x0000000104479e58 cxxbridge1$string$len + 274460
7   chromedriver                        0x00000001044ba9f4 cxxbridge1$strin...
    [ Message content over the limit has been removed. ]
...er                        0x000000010448666c cxxbridge1$string$len + 325680
10  chromedriver                        0x0000000104816098 cxxbridge1$str$ptr + 1651256
11  chromedriver                        0x000000010481a9cc cxxbridge1$str$ptr + 1669996
12  chromedriver                        0x00000001047fb22c cxxbridge1$str$ptr + 1541068
13  chromedriver                        0x000000010481b29c cxxbridge1$str$ptr + 1672252
14  chromedriver                        0x00000001047ec840 cxxbridge1$str$ptr + 1481184
15  chromedriver                        0x0000000104839138 cxxbridge1$str$ptr + 1794776
16  chromedriver                        0x00000001048392b4 cxxbridge1$str$ptr + 1795156
17  chromedriver                        0x0000000104847adc cxxbridge1$str$ptr + 1854588
18  libsystem_pthread.dylib             0x0000000196f39f94 _pthread_start + 136
19  libsystem_pthread.dylib             0x0000000196f34d34 thread_start + 8</status>
</kw>
<test id="s1-s1-t1" name="At start the counter is zero" line="7">
<status status="FAIL" start="2024-11-15T13:57:06.605927" elapsed="0.000245">Parent suite setup failed:
SessionNotCreatedException: Message: session not created: This version of ChromeDriver only supports Chrome version 128
Current browser version is 131.0.6778.69 with binary path /Applications/Google Chrome.app/Contents/MacOS/Google Chrome
Stacktrace:
0   chromedriver                        0x000000010484f9d8 cxxbridge1$str$ptr + 1887096
1   chromedriver                        0x0000000104847e40 cxxbridge1$str$ptr + 1855456
2   chromedriver                        0x000000010444cbe0 cxxbridge1$string$len + 89508
3   chromedriver                        0x0000000104482a68 cxxbridge1$string$len + 310316
4   chromedriver                        0x0000000104481cb4 cxxbridge1$string$len + 306808
5   chromedriver                        0x000000010447d9a0 cxxbridge1$string$len + 289636
6   chromedriver                        0x0000000104479e58 cxxbridge1$string$len + 274460
7   chromedriver                        0x00000001044ba9f4 cxxbridge1$strin...
    [ Message content over the limit has been removed. ]
...er                        0x000000010448666c cxxbridge1$string$len + 325680
10  chromedriver                        0x0000000104816098 cxxbridge1$str$ptr + 1651256
11  chromedriver                        0x000000010481a9cc cxxbridge1$str$ptr + 1669996
12  chromedriver                        0x00000001047fb22c cxxbridge1$str$ptr + 1541068
13  chromedriver                        0x000000010481b29c cxxbridge1$str$ptr + 1672252
14  chromedriver                        0x00000001047ec840 cxxbridge1$str$ptr + 1481184
15  chromedriver                        0x0000000104839138 cxxbridge1$str$ptr + 1794776
16  chromedriver                        0x00000001048392b4 cxxbridge1$str$ptr + 1795156
17  chromedriver                        0x0000000104847adc cxxbridge1$str$ptr + 1854588
18  libsystem_pthread.dylib             0x0000000196f39f94 _pthread_start + 136
19  libsystem_pthread.dylib             0x0000000196f34d34 thread_start + 8</status>
</test>
<test id="s1-s1-t2" name="When button pressed twice the counter is two" line="12">
<status status="FAIL" start="2024-11-15T13:57:06.606388" elapsed="0.000140">Parent suite setup failed:
SessionNotCreatedException: Message: session not created: This version of ChromeDriver only supports Chrome version 128
Current browser version is 131.0.6778.69 with binary path /Applications/Google Chrome.app/Contents/MacOS/Google Chrome
Stacktrace:
0   chromedriver                        0x000000010484f9d8 cxxbridge1$str$ptr + 1887096
1   chromedriver                        0x0000000104847e40 cxxbridge1$str$ptr + 1855456
2   chromedriver                        0x000000010444cbe0 cxxbridge1$string$len + 89508
3   chromedriver                        0x0000000104482a68 cxxbridge1$string$len + 310316
4   chromedriver                        0x0000000104481cb4 cxxbridge1$string$len + 306808
5   chromedriver                        0x000000010447d9a0 cxxbridge1$string$len + 289636
6   chromedriver                        0x0000000104479e58 cxxbridge1$string$len + 274460
7   chromedriver                        0x00000001044ba9f4 cxxbridge1$strin...
    [ Message content over the limit has been removed. ]
...er                        0x000000010448666c cxxbridge1$string$len + 325680
10  chromedriver                        0x0000000104816098 cxxbridge1$str$ptr + 1651256
11  chromedriver                        0x000000010481a9cc cxxbridge1$str$ptr + 1669996
12  chromedriver                        0x00000001047fb22c cxxbridge1$str$ptr + 1541068
13  chromedriver                        0x000000010481b29c cxxbridge1$str$ptr + 1672252
14  chromedriver                        0x00000001047ec840 cxxbridge1$str$ptr + 1481184
15  chromedriver                        0x0000000104839138 cxxbridge1$str$ptr + 1794776
16  chromedriver                        0x00000001048392b4 cxxbridge1$str$ptr + 1795156
17  chromedriver                        0x0000000104847adc cxxbridge1$str$ptr + 1854588
18  libsystem_pthread.dylib             0x0000000196f39f94 _pthread_start + 136
19  libsystem_pthread.dylib             0x0000000196f34d34 thread_start + 8</status>
</test>
<kw name="Close Browser" owner="SeleniumLibrary" type="TEARDOWN">
<doc>Closes the current browser.</doc>
<status status="PASS" start="2024-11-15T13:57:06.606844" elapsed="0.000124"/>
</kw>
<status status="FAIL" start="2024-11-15T13:56:58.626456" elapsed="7.980536">Suite setup failed:
SessionNotCreatedException: Message: session not created: This version of ChromeDriver only supports Chrome version 128
Current browser version is 131.0.6778.69 with binary path /Applications/Google Chrome.app/Contents/MacOS/Google Chrome
Stacktrace:
0   chromedriver                        0x000000010484f9d8 cxxbridge1$str$ptr + 1887096
1   chromedriver                        0x0000000104847e40 cxxbridge1$str$ptr + 1855456
2   chromedriver                        0x000000010444cbe0 cxxbridge1$string$len + 89508
3   chromedriver                        0x0000000104482a68 cxxbridge1$string$len + 310316
4   chromedriver                        0x0000000104481cb4 cxxbridge1$string$len + 306808
5   chromedriver                        0x000000010447d9a0 cxxbridge1$string$len + 289636
6   chromedriver                        0x0000000104479e58 cxxbridge1$string$len + 274460
7   chromedriver                        0x00000001044ba9f4 cxxbridge1$strin...
    [ Message content over the limit has been removed. ]
...er                        0x000000010448666c cxxbridge1$string$len + 325680
10  chromedriver                        0x0000000104816098 cxxbridge1$str$ptr + 1651256
11  chromedriver                        0x000000010481a9cc cxxbridge1$str$ptr + 1669996
12  chromedriver                        0x00000001047fb22c cxxbridge1$str$ptr + 1541068
13  chromedriver                        0x000000010481b29c cxxbridge1$str$ptr + 1672252
14  chromedriver                        0x00000001047ec840 cxxbridge1$str$ptr + 1481184
15  chromedriver                        0x0000000104839138 cxxbridge1$str$ptr + 1794776
16  chromedriver                        0x00000001048392b4 cxxbridge1$str$ptr + 1795156
17  chromedriver                        0x0000000104847adc cxxbridge1$str$ptr + 1854588
18  libsystem_pthread.dylib             0x0000000196f39f94 _pthread_start + 136
19  libsystem_pthread.dylib             0x0000000196f34d34 thread_start + 8</status>
</suite>
<status status="FAIL" start="2024-11-15T13:56:58.618294" elapsed="7.989012"/>
</suite>
<statistics>
<total>
<stat pass="0" fail="2" skip="0">All Tests</stat>
</total>
<tag>
</tag>
<suite>
<stat pass="0" fail="2" skip="0" id="s1" name="Tests">Tests</stat>
<stat pass="0" fail="2" skip="0" id="s1-s1" name="Increment">Tests.Increment</stat>
</suite>
</statistics>
<errors>
<msg time="2024-11-15T13:57:05.251982" level="WARN">The chromedriver version (128.0.6613.86) detected in PATH at /opt/homebrew/bin/chromedriver might not be compatible with the detected chrome version (131.0.6778.69); currently, chromedriver 131.0.6778.69 is recommended for chrome 131.*, so it is advised to delete the driver in PATH and retry</msg>
</errors>
</robot>
